<?xml version="1.0" encoding="UTF-8"?>
<!-- Generated by org.testng.reporters.JUnitReportReporter -->
<testsuite hostname="DESKTOP-0FRPLG4" failures="0" tests="2" name="com.pom.first.TestScript.Loginpage_TC001" time="5.258" errors="0" timestamp="2021-04-13T10:59:59 IST" skipped="0">
  <testcase classname="com.pom.first.TestScript.Loginpage_TC001" name="validate_title" time="0.025"/>
  <system-out/>
  <testcase classname="com.pom.first.TestScript.Loginpage_TC001" name="validate_login" time="5.233"/>
  <system-out/>
</testsuite> <!-- com.pom.first.TestScript.Loginpage_TC001 -->
