<?xml version="1.0" encoding="UTF-8"?>
<!-- Generated by org.testng.reporters.JUnitReportReporter -->
<testsuite skipped="0" hostname="DESKTOP-0FRPLG4" name="com.pom.first.TestScript.Loginpage_TC001" tests="2" failures="0" timestamp="2021-04-16T19:40:02 IST" time="4.471" errors="0">
  <testcase name="validate_login" time="4.447" classname="com.pom.first.TestScript.Loginpage_TC001"/>
  <system-out/>
  <testcase name="validate_title" time="0.024" classname="com.pom.first.TestScript.Loginpage_TC001"/>
  <system-out/>
</testsuite> <!-- com.pom.first.TestScript.Loginpage_TC001 -->
